<?xml version="1.0" encoding="UTF-8"?>
<!-- Generated by org.testng.reporters.JUnitReportReporter -->
<testsuite hostname="DESKTOP-OR6MR54" failures="0" tests="1" name="com.actitime.testscript.TestCase" time="0.028" errors="0" timestamp="2024-01-05T13:01:48 IST" skipped="0">
  <testcase classname="com.actitime.testscript.TestCase" name="createCustomer" time="0.028"/>
  <system-out>
    <![CDATA[createCustomer]]>
  </system-out>
</testsuite> <!-- com.actitime.testscript.TestCase -->
